[2019-02-07T18:46:57.162] [ERROR] cheese - ReferenceError: log is not defined
    at /home/yideng/mine/books/controllers/IndexController.js:5:13
    at dispatch (/home/yideng/mine/books/node_modules/_koa-simple-router@0.2.0@koa-simple-router/index.js:186:18)
    at Router._lookup (/home/yideng/mine/books/node_modules/_koa-simple-router@0.2.0@koa-simple-router/index.js:198:12)
    at /home/yideng/mine/books/node_modules/_koa-simple-router@0.2.0@koa-simple-router/index.js:138:21
    at dispatch (/home/yideng/mine/books/node_modules/_koa-compose@4.1.0@koa-compose/index.js:42:32)
    at app.use (/home/yideng/mine/books/middlewares/errorHandler.js:15:19)
    at dispatch (/home/yideng/mine/books/node_modules/_koa-compose@4.1.0@koa-compose/index.js:42:32)
    at app.use (/home/yideng/mine/books/middlewares/errorHandler.js:6:23)
    at dispatch (/home/yideng/mine/books/node_modules/_koa-compose@4.1.0@koa-compose/index.js:42:32)
    at serve (/home/yideng/mine/books/node_modules/_koa-static@5.0.0@koa-static/index.js:53:15)
[2019-02-12T05:57:46.840] [ERROR] cheese - TypeError: SafeRequest is not a constructor
    at Index.getData (/home/yideng/mine/books-web/models/index.js:31:29)
    at /home/yideng/mine/books-web/controllers/IndexController.js:8:34
    at dispatch (/home/yideng/mine/books-web/node_modules/_koa-simple-router@0.2.0@koa-simple-router/index.js:186:18)
    at Router._lookup (/home/yideng/mine/books-web/node_modules/_koa-simple-router@0.2.0@koa-simple-router/index.js:198:12)
    at /home/yideng/mine/books-web/node_modules/_koa-simple-router@0.2.0@koa-simple-router/index.js:138:21
    at dispatch (/home/yideng/mine/books-web/node_modules/_koa-compose@4.1.0@koa-compose/index.js:42:32)
    at app.use (/home/yideng/mine/books-web/middlewares/errorHandler.js:15:19)
    at dispatch (/home/yideng/mine/books-web/node_modules/_koa-compose@4.1.0@koa-compose/index.js:42:32)
    at app.use (/home/yideng/mine/books-web/middlewares/errorHandler.js:6:23)
    at dispatch (/home/yideng/mine/books-web/node_modules/_koa-compose@4.1.0@koa-compose/index.js:42:32)
[2019-02-12T05:58:19.253] [ERROR] cheese - TypeError: SafeRequest is not a constructor
    at Index.getData (/home/yideng/mine/books-web/models/index.js:31:29)
    at /home/yideng/mine/books-web/controllers/IndexController.js:8:34
    at dispatch (/home/yideng/mine/books-web/node_modules/_koa-simple-router@0.2.0@koa-simple-router/index.js:186:18)
    at Router._lookup (/home/yideng/mine/books-web/node_modules/_koa-simple-router@0.2.0@koa-simple-router/index.js:198:12)
    at /home/yideng/mine/books-web/node_modules/_koa-simple-router@0.2.0@koa-simple-router/index.js:138:21
    at dispatch (/home/yideng/mine/books-web/node_modules/_koa-compose@4.1.0@koa-compose/index.js:42:32)
    at app.use (/home/yideng/mine/books-web/middlewares/errorHandler.js:15:19)
    at dispatch (/home/yideng/mine/books-web/node_modules/_koa-compose@4.1.0@koa-compose/index.js:42:32)
    at app.use (/home/yideng/mine/books-web/middlewares/errorHandler.js:6:23)
    at dispatch (/home/yideng/mine/books-web/node_modules/_koa-compose@4.1.0@koa-compose/index.js:42:32)
[2019-02-12T05:58:19.935] [ERROR] cheese - TypeError: SafeRequest is not a constructor
    at Index.getData (/home/yideng/mine/books-web/models/index.js:31:29)
    at /home/yideng/mine/books-web/controllers/IndexController.js:8:34
    at dispatch (/home/yideng/mine/books-web/node_modules/_koa-simple-router@0.2.0@koa-simple-router/index.js:186:18)
    at Router._lookup (/home/yideng/mine/books-web/node_modules/_koa-simple-router@0.2.0@koa-simple-router/index.js:198:12)
    at /home/yideng/mine/books-web/node_modules/_koa-simple-router@0.2.0@koa-simple-router/index.js:138:21
    at dispatch (/home/yideng/mine/books-web/node_modules/_koa-compose@4.1.0@koa-compose/index.js:42:32)
    at app.use (/home/yideng/mine/books-web/middlewares/errorHandler.js:15:19)
    at dispatch (/home/yideng/mine/books-web/node_modules/_koa-compose@4.1.0@koa-compose/index.js:42:32)
    at app.use (/home/yideng/mine/books-web/middlewares/errorHandler.js:6:23)
    at dispatch (/home/yideng/mine/books-web/node_modules/_koa-compose@4.1.0@koa-compose/index.js:42:32)
[2019-02-12T05:58:29.695] [ERROR] cheese - TypeError: SafeRequest is not a constructor
    at Index.getData (/home/yideng/mine/books-web/models/index.js:31:29)
    at /home/yideng/mine/books-web/controllers/IndexController.js:8:34
    at dispatch (/home/yideng/mine/books-web/node_modules/_koa-simple-router@0.2.0@koa-simple-router/index.js:186:18)
    at Router._lookup (/home/yideng/mine/books-web/node_modules/_koa-simple-router@0.2.0@koa-simple-router/index.js:198:12)
    at /home/yideng/mine/books-web/node_modules/_koa-simple-router@0.2.0@koa-simple-router/index.js:138:21
    at dispatch (/home/yideng/mine/books-web/node_modules/_koa-compose@4.1.0@koa-compose/index.js:42:32)
    at app.use (/home/yideng/mine/books-web/middlewares/errorHandler.js:15:19)
    at dispatch (/home/yideng/mine/books-web/node_modules/_koa-compose@4.1.0@koa-compose/index.js:42:32)
    at app.use (/home/yideng/mine/books-web/middlewares/errorHandler.js:6:23)
    at dispatch (/home/yideng/mine/books-web/node_modules/_koa-compose@4.1.0@koa-compose/index.js:42:32)
[2019-02-12T06:00:55.691] [ERROR] cheese - TypeError: Index is not a constructor
    at /home/yideng/mine/books-web/controllers/IndexController.js:7:27
    at dispatch (/home/yideng/mine/books-web/node_modules/_koa-simple-router@0.2.0@koa-simple-router/index.js:186:18)
    at Router._lookup (/home/yideng/mine/books-web/node_modules/_koa-simple-router@0.2.0@koa-simple-router/index.js:198:12)
    at /home/yideng/mine/books-web/node_modules/_koa-simple-router@0.2.0@koa-simple-router/index.js:138:21
    at dispatch (/home/yideng/mine/books-web/node_modules/_koa-compose@4.1.0@koa-compose/index.js:42:32)
    at app.use (/home/yideng/mine/books-web/middlewares/errorHandler.js:15:19)
    at dispatch (/home/yideng/mine/books-web/node_modules/_koa-compose@4.1.0@koa-compose/index.js:42:32)
    at app.use (/home/yideng/mine/books-web/middlewares/errorHandler.js:6:23)
    at dispatch (/home/yideng/mine/books-web/node_modules/_koa-compose@4.1.0@koa-compose/index.js:42:32)
    at serve (/home/yideng/mine/books-web/node_modules/_koa-static@5.0.0@koa-static/index.js:53:15)
[2019-02-12T06:05:22.986] [ERROR] cheese - Error: Unexpected dot on line 4 in file /home/yideng/mine/books-web/components/news/list.html.
    at Object.exports.throwError (/home/yideng/mine/books-web/node_modules/_swig-templates@2.0.3@swig-templates/lib/utils.js:188:9)
    at TokenParser.parseVar (/home/yideng/mine/books-web/node_modules/_swig-templates@2.0.3@swig-templates/lib/parser.js:472:15)
    at TokenParser.parseToken (/home/yideng/mine/books-web/node_modules/_swig-templates@2.0.3@swig-templates/lib/parser.js:357:14)
    at /home/yideng/mine/books-web/node_modules/_swig-templates@2.0.3@swig-templates/lib/parser.js:112:12
    at Object.exports.each (/home/yideng/mine/books-web/node_modules/_swig-templates@2.0.3@swig-templates/lib/utils.js:45:11)
    at TokenParser.parse (/home/yideng/mine/books-web/node_modules/_swig-templates@2.0.3@swig-templates/lib/parser.js:102:11)
    at parseVariable (/home/yideng/mine/books-web/node_modules/_swig-templates@2.0.3@swig-templates/lib/parser.js:610:18)
    at /home/yideng/mine/books-web/node_modules/_swig-templates@2.0.3@swig-templates/lib/parser.js:770:15
    at Object.exports.each (/home/yideng/mine/books-web/node_modules/_swig-templates@2.0.3@swig-templates/lib/utils.js:45:11)
    at Object.exports.parse (/home/yideng/mine/books-web/node_modules/_swig-templates@2.0.3@swig-templates/lib/parser.js:755:9)
[2019-02-12T06:05:36.183] [ERROR] cheese - Error: Unexpected dot on line 4 in file /home/yideng/mine/books-web/components/news/list.html.
    at Object.exports.throwError (/home/yideng/mine/books-web/node_modules/_swig-templates@2.0.3@swig-templates/lib/utils.js:188:9)
    at TokenParser.parseVar (/home/yideng/mine/books-web/node_modules/_swig-templates@2.0.3@swig-templates/lib/parser.js:472:15)
    at TokenParser.parseToken (/home/yideng/mine/books-web/node_modules/_swig-templates@2.0.3@swig-templates/lib/parser.js:357:14)
    at /home/yideng/mine/books-web/node_modules/_swig-templates@2.0.3@swig-templates/lib/parser.js:112:12
    at Object.exports.each (/home/yideng/mine/books-web/node_modules/_swig-templates@2.0.3@swig-templates/lib/utils.js:45:11)
    at TokenParser.parse (/home/yideng/mine/books-web/node_modules/_swig-templates@2.0.3@swig-templates/lib/parser.js:102:11)
    at parseVariable (/home/yideng/mine/books-web/node_modules/_swig-templates@2.0.3@swig-templates/lib/parser.js:610:18)
    at /home/yideng/mine/books-web/node_modules/_swig-templates@2.0.3@swig-templates/lib/parser.js:770:15
    at Object.exports.each (/home/yideng/mine/books-web/node_modules/_swig-templates@2.0.3@swig-templates/lib/utils.js:45:11)
    at Object.exports.parse (/home/yideng/mine/books-web/node_modules/_swig-templates@2.0.3@swig-templates/lib/parser.js:755:9)
[2019-02-12T06:05:38.717] [ERROR] cheese - Error: Unexpected dot on line 4 in file /home/yideng/mine/books-web/components/news/list.html.
    at Object.exports.throwError (/home/yideng/mine/books-web/node_modules/_swig-templates@2.0.3@swig-templates/lib/utils.js:188:9)
    at TokenParser.parseVar (/home/yideng/mine/books-web/node_modules/_swig-templates@2.0.3@swig-templates/lib/parser.js:472:15)
    at TokenParser.parseToken (/home/yideng/mine/books-web/node_modules/_swig-templates@2.0.3@swig-templates/lib/parser.js:357:14)
    at /home/yideng/mine/books-web/node_modules/_swig-templates@2.0.3@swig-templates/lib/parser.js:112:12
    at Object.exports.each (/home/yideng/mine/books-web/node_modules/_swig-templates@2.0.3@swig-templates/lib/utils.js:45:11)
    at TokenParser.parse (/home/yideng/mine/books-web/node_modules/_swig-templates@2.0.3@swig-templates/lib/parser.js:102:11)
    at parseVariable (/home/yideng/mine/books-web/node_modules/_swig-templates@2.0.3@swig-templates/lib/parser.js:610:18)
    at /home/yideng/mine/books-web/node_modules/_swig-templates@2.0.3@swig-templates/lib/parser.js:770:15
    at Object.exports.each (/home/yideng/mine/books-web/node_modules/_swig-templates@2.0.3@swig-templates/lib/utils.js:45:11)
    at Object.exports.parse (/home/yideng/mine/books-web/node_modules/_swig-templates@2.0.3@swig-templates/lib/parser.js:755:9)
[2019-02-12T06:10:18.835] [ERROR] cheese - Error: Unexpected dot on line 4 in file /home/yideng/mine/books-web/components/news/list.html.
    at Object.exports.throwError (/home/yideng/mine/books-web/node_modules/_swig-templates@2.0.3@swig-templates/lib/utils.js:188:9)
    at TokenParser.parseVar (/home/yideng/mine/books-web/node_modules/_swig-templates@2.0.3@swig-templates/lib/parser.js:472:15)
    at TokenParser.parseToken (/home/yideng/mine/books-web/node_modules/_swig-templates@2.0.3@swig-templates/lib/parser.js:357:14)
    at /home/yideng/mine/books-web/node_modules/_swig-templates@2.0.3@swig-templates/lib/parser.js:112:12
    at Object.exports.each (/home/yideng/mine/books-web/node_modules/_swig-templates@2.0.3@swig-templates/lib/utils.js:45:11)
    at TokenParser.parse (/home/yideng/mine/books-web/node_modules/_swig-templates@2.0.3@swig-templates/lib/parser.js:102:11)
    at parseVariable (/home/yideng/mine/books-web/node_modules/_swig-templates@2.0.3@swig-templates/lib/parser.js:610:18)
    at /home/yideng/mine/books-web/node_modules/_swig-templates@2.0.3@swig-templates/lib/parser.js:770:15
    at Object.exports.each (/home/yideng/mine/books-web/node_modules/_swig-templates@2.0.3@swig-templates/lib/utils.js:45:11)
    at Object.exports.parse (/home/yideng/mine/books-web/node_modules/_swig-templates@2.0.3@swig-templates/lib/parser.js:755:9)
[2019-02-12T06:17:07.890] [ERROR] cheese - { code: 1, message: 'node-fetch和后端通讯异常', data: [] }
[2019-02-12T06:18:04.379] [ERROR] cheese - { code: 1, message: 'node-fetch和后端通讯异常', data: [] }
[2019-02-15T19:30:59.791] [ERROR] cheese - { code: 1, message: 'node-fetch和后端通讯异常', data: [] }
[2019-02-16T03:32:51.216] [ERROR] cheese - TypeError: Cannot read property 'params' of undefined
    at SafeRequest.fetch (/home/yideng/mine/books-web/utils/safeRequest.js:12:21)
    at Index.saveData (/home/yideng/mine/books-web/models/index.js:44:28)
    at /home/yideng/mine/books-web/controllers/IndexController.js:31:40
    at dispatch (/home/yideng/mine/books-web/node_modules/_koa-simple-router@0.2.0@koa-simple-router/index.js:186:18)
    at Router._lookup (/home/yideng/mine/books-web/node_modules/_koa-simple-router@0.2.0@koa-simple-router/index.js:198:12)
    at /home/yideng/mine/books-web/node_modules/_koa-simple-router@0.2.0@koa-simple-router/index.js:138:21
    at dispatch (/home/yideng/mine/books-web/node_modules/_koa-compose@4.1.0@koa-compose/index.js:42:32)
    at app.use (/home/yideng/mine/books-web/middlewares/errorHandler.js:15:19)
    at dispatch (/home/yideng/mine/books-web/node_modules/_koa-compose@4.1.0@koa-compose/index.js:42:32)
    at app.use (/home/yideng/mine/books-web/middlewares/errorHandler.js:6:23)
[2019-02-16T03:36:26.366] [ERROR] cheese - TypeError: Cannot read property 'params' of undefined
    at SafeRequest.fetch (/home/yideng/mine/books-web/utils/safeRequest.js:14:21)
    at Index.saveData (/home/yideng/mine/books-web/models/index.js:44:28)
    at /home/yideng/mine/books-web/controllers/IndexController.js:31:40
    at dispatch (/home/yideng/mine/books-web/node_modules/_koa-simple-router@0.2.0@koa-simple-router/index.js:186:18)
    at Router._lookup (/home/yideng/mine/books-web/node_modules/_koa-simple-router@0.2.0@koa-simple-router/index.js:198:12)
    at /home/yideng/mine/books-web/node_modules/_koa-simple-router@0.2.0@koa-simple-router/index.js:138:21
    at dispatch (/home/yideng/mine/books-web/node_modules/_koa-compose@4.1.0@koa-compose/index.js:42:32)
    at app.use (/home/yideng/mine/books-web/middlewares/errorHandler.js:15:19)
    at dispatch (/home/yideng/mine/books-web/node_modules/_koa-compose@4.1.0@koa-compose/index.js:42:32)
    at app.use (/home/yideng/mine/books-web/middlewares/errorHandler.js:6:23)
[2019-02-16T03:36:28.143] [ERROR] cheese - TypeError: Cannot read property 'params' of undefined
    at SafeRequest.fetch (/home/yideng/mine/books-web/utils/safeRequest.js:14:21)
    at Index.saveData (/home/yideng/mine/books-web/models/index.js:44:28)
    at /home/yideng/mine/books-web/controllers/IndexController.js:31:40
    at dispatch (/home/yideng/mine/books-web/node_modules/_koa-simple-router@0.2.0@koa-simple-router/index.js:186:18)
    at Router._lookup (/home/yideng/mine/books-web/node_modules/_koa-simple-router@0.2.0@koa-simple-router/index.js:198:12)
    at /home/yideng/mine/books-web/node_modules/_koa-simple-router@0.2.0@koa-simple-router/index.js:138:21
    at dispatch (/home/yideng/mine/books-web/node_modules/_koa-compose@4.1.0@koa-compose/index.js:42:32)
    at app.use (/home/yideng/mine/books-web/middlewares/errorHandler.js:15:19)
    at dispatch (/home/yideng/mine/books-web/node_modules/_koa-compose@4.1.0@koa-compose/index.js:42:32)
    at app.use (/home/yideng/mine/books-web/middlewares/errorHandler.js:6:23)
[2019-02-16T03:44:31.612] [ERROR] cheese - TypeError: Cannot read property 'params' of undefined
    at SafeRequest.fetch (/home/yideng/mine/books-web/utils/safeRequest.js:12:21)
    at Index.saveData (/home/yideng/mine/books-web/models/index.js:44:28)
    at /home/yideng/mine/books-web/controllers/IndexController.js:31:40
    at dispatch (/home/yideng/mine/books-web/node_modules/_koa-simple-router@0.2.0@koa-simple-router/index.js:186:18)
    at Router._lookup (/home/yideng/mine/books-web/node_modules/_koa-simple-router@0.2.0@koa-simple-router/index.js:198:12)
    at /home/yideng/mine/books-web/node_modules/_koa-simple-router@0.2.0@koa-simple-router/index.js:138:21
    at dispatch (/home/yideng/mine/books-web/node_modules/_koa-compose@4.1.0@koa-compose/index.js:42:32)
    at app.use (/home/yideng/mine/books-web/middlewares/errorHandler.js:15:19)
    at dispatch (/home/yideng/mine/books-web/node_modules/_koa-compose@4.1.0@koa-compose/index.js:42:32)
    at app.use (/home/yideng/mine/books-web/middlewares/errorHandler.js:6:23)
[2019-02-22T22:51:32.839] [ERROR] cheese - TypeError: Cannot read property 'params' of undefined
    at SafeRequest.fetch (/home/yideng/mine/books-web/src/server/utils/safeRequest.js:12:21)
    at Index.getData (/home/yideng/mine/books-web/src/server/models/index.js:32:28)
    at /home/yideng/mine/books-web/src/server/controllers/IndexController.js:13:40
    at dispatch (/home/yideng/mine/books-web/node_modules/_koa-simple-router@0.2.0@koa-simple-router/index.js:186:18)
    at Router._lookup (/home/yideng/mine/books-web/node_modules/_koa-simple-router@0.2.0@koa-simple-router/index.js:198:12)
    at /home/yideng/mine/books-web/node_modules/_koa-simple-router@0.2.0@koa-simple-router/index.js:138:21
    at dispatch (/home/yideng/mine/books-web/node_modules/_koa-compose@4.1.0@koa-compose/index.js:42:32)
    at app.use (/home/yideng/mine/books-web/src/server/middlewares/errorHandler.js:15:19)
    at dispatch (/home/yideng/mine/books-web/node_modules/_koa-compose@4.1.0@koa-compose/index.js:42:32)
    at app.use (/home/yideng/mine/books-web/src/server/middlewares/errorHandler.js:6:23)
[2019-03-03T05:46:58.829] [ERROR] cheese - { code: 1, message: 'node-fetch和后端通讯异常', data: [] }
[2019-03-03T05:50:14.946] [ERROR] cheese - { code: 1, message: 'node-fetch和后端通讯异常', data: [] }
[2019-03-03T05:51:00.579] [ERROR] cheese - { Error: ENOENT: no such file or directory, open '/home/yideng/mine/books-web/web/views/index.html'
  errno: -2,
  code: 'ENOENT',
  syscall: 'open',
  path: '/home/yideng/mine/books-web/web/views/index.html' }
[2019-03-03T05:56:46.587] [ERROR] cheese - { Error: ENOENT: no such file or directory, open '/home/yideng/mine/books-web/web/views/books/pages/list.html'
  errno: -2,
  code: 'ENOENT',
  syscall: 'open',
  path: '/home/yideng/mine/books-web/web/views/books/pages/list.html' }
[2019-03-03T06:02:08.702] [ERROR] cheese - { Error: ENOENT: no such file or directory, open '/home/yideng/mine/books-web/dist/views/components/common/navigation.html'
    at Object.fs.openSync (fs.js:646:18)
    at Object.fs.readFileSync (fs.js:551:33)
    at Object.ret.load (/home/yideng/mine/books-web/node_modules/_swig-templates@2.0.3@swig-templates/lib/loaders/filesystem.js:59:15)
    at exports.Swig.compileFile (/home/yideng/mine/books-web/node_modules/_swig-templates@2.0.3@swig-templates/lib/swig.js:740:31)
    at Object.eval [as tpl] (eval at precompile (/home/yideng/mine/books-web/node_modules/_swig-templates@2.0.3@swig-templates/lib/swig.js:537:13), <anonymous>:10:18)
    at compiled (/home/yideng/mine/books-web/node_modules/_swig-templates@2.0.3@swig-templates/lib/swig.js:664:18)
    at /home/yideng/mine/books-web/node_modules/_swig-templates@2.0.3@swig-templates/lib/swig.js:604:20
    at /home/yideng/mine/books-web/node_modules/_swig-templates@2.0.3@swig-templates/lib/swig.js:735:9
    at FSReqWrap.readFileAfterClose [as oncomplete] (fs.js:511:3)
  errno: -2,
  code: 'ENOENT',
  syscall: 'open',
  path: '/home/yideng/mine/books-web/dist/views/components/common/navigation.html' }
[2019-03-03T06:04:30.221] [ERROR] cheese - { Error: ENOENT: no such file or directory, open '/home/yideng/mine/books-web/dist/components／list/list.html'
    at Object.fs.openSync (fs.js:646:18)
    at Object.fs.readFileSync (fs.js:551:33)
    at Object.ret.load (/home/yideng/mine/books-web/node_modules/_swig-templates@2.0.3@swig-templates/lib/loaders/filesystem.js:59:15)
    at exports.Swig.compileFile (/home/yideng/mine/books-web/node_modules/_swig-templates@2.0.3@swig-templates/lib/swig.js:740:31)
    at Object.eval [as tpl] (eval at precompile (/home/yideng/mine/books-web/node_modules/_swig-templates@2.0.3@swig-templates/lib/swig.js:537:13), <anonymous>:13:18)
    at compiled (/home/yideng/mine/books-web/node_modules/_swig-templates@2.0.3@swig-templates/lib/swig.js:664:18)
    at /home/yideng/mine/books-web/node_modules/_swig-templates@2.0.3@swig-templates/lib/swig.js:604:20
    at /home/yideng/mine/books-web/node_modules/_swig-templates@2.0.3@swig-templates/lib/swig.js:735:9
    at FSReqWrap.readFileAfterClose [as oncomplete] (fs.js:511:3)
  errno: -2,
  code: 'ENOENT',
  syscall: 'open',
  path: '/home/yideng/mine/books-web/dist/components／list/list.html' }
