[2019-02-07T18:46:57.162] [ERROR] cheese - ReferenceError: log is not defined
    at /home/yideng/mine/books/controllers/IndexController.js:5:13
    at dispatch (/home/yideng/mine/books/node_modules/_koa-simple-router@0.2.0@koa-simple-router/index.js:186:18)
    at Router._lookup (/home/yideng/mine/books/node_modules/_koa-simple-router@0.2.0@koa-simple-router/index.js:198:12)
    at /home/yideng/mine/books/node_modules/_koa-simple-router@0.2.0@koa-simple-router/index.js:138:21
    at dispatch (/home/yideng/mine/books/node_modules/_koa-compose@4.1.0@koa-compose/index.js:42:32)
    at app.use (/home/yideng/mine/books/middlewares/errorHandler.js:15:19)
    at dispatch (/home/yideng/mine/books/node_modules/_koa-compose@4.1.0@koa-compose/index.js:42:32)
    at app.use (/home/yideng/mine/books/middlewares/errorHandler.js:6:23)
    at dispatch (/home/yideng/mine/books/node_modules/_koa-compose@4.1.0@koa-compose/index.js:42:32)
    at serve (/home/yideng/mine/books/node_modules/_koa-static@5.0.0@koa-static/index.js:53:15)
[2019-02-12T05:57:46.840] [ERROR] cheese - TypeError: SafeRequest is not a constructor
    at Index.getData (/home/yideng/mine/books-web/models/index.js:31:29)
    at /home/yideng/mine/books-web/controllers/IndexController.js:8:34
    at dispatch (/home/yideng/mine/books-web/node_modules/_koa-simple-router@0.2.0@koa-simple-router/index.js:186:18)
    at Router._lookup (/home/yideng/mine/books-web/node_modules/_koa-simple-router@0.2.0@koa-simple-router/index.js:198:12)
    at /home/yideng/mine/books-web/node_modules/_koa-simple-router@0.2.0@koa-simple-router/index.js:138:21
    at dispatch (/home/yideng/mine/books-web/node_modules/_koa-compose@4.1.0@koa-compose/index.js:42:32)
    at app.use (/home/yideng/mine/books-web/middlewares/errorHandler.js:15:19)
    at dispatch (/home/yideng/mine/books-web/node_modules/_koa-compose@4.1.0@koa-compose/index.js:42:32)
    at app.use (/home/yideng/mine/books-web/middlewares/errorHandler.js:6:23)
    at dispatch (/home/yideng/mine/books-web/node_modules/_koa-compose@4.1.0@koa-compose/index.js:42:32)
[2019-02-12T05:58:19.253] [ERROR] cheese - TypeError: SafeRequest is not a constructor
    at Index.getData (/home/yideng/mine/books-web/models/index.js:31:29)
    at /home/yideng/mine/books-web/controllers/IndexController.js:8:34
    at dispatch (/home/yideng/mine/books-web/node_modules/_koa-simple-router@0.2.0@koa-simple-router/index.js:186:18)
    at Router._lookup (/home/yideng/mine/books-web/node_modules/_koa-simple-router@0.2.0@koa-simple-router/index.js:198:12)
    at /home/yideng/mine/books-web/node_modules/_koa-simple-router@0.2.0@koa-simple-router/index.js:138:21
    at dispatch (/home/yideng/mine/books-web/node_modules/_koa-compose@4.1.0@koa-compose/index.js:42:32)
    at app.use (/home/yideng/mine/books-web/middlewares/errorHandler.js:15:19)
    at dispatch (/home/yideng/mine/books-web/node_modules/_koa-compose@4.1.0@koa-compose/index.js:42:32)
    at app.use (/home/yideng/mine/books-web/middlewares/errorHandler.js:6:23)
    at dispatch (/home/yideng/mine/books-web/node_modules/_koa-compose@4.1.0@koa-compose/index.js:42:32)
[2019-02-12T05:58:19.935] [ERROR] cheese - TypeError: SafeRequest is not a constructor
    at Index.getData (/home/yideng/mine/books-web/models/index.js:31:29)
    at /home/yideng/mine/books-web/controllers/IndexController.js:8:34
    at dispatch (/home/yideng/mine/books-web/node_modules/_koa-simple-router@0.2.0@koa-simple-router/index.js:186:18)
    at Router._lookup (/home/yideng/mine/books-web/node_modules/_koa-simple-router@0.2.0@koa-simple-router/index.js:198:12)
    at /home/yideng/mine/books-web/node_modules/_koa-simple-router@0.2.0@koa-simple-router/index.js:138:21
    at dispatch (/home/yideng/mine/books-web/node_modules/_koa-compose@4.1.0@koa-compose/index.js:42:32)
    at app.use (/home/yideng/mine/books-web/middlewares/errorHandler.js:15:19)
    at dispatch (/home/yideng/mine/books-web/node_modules/_koa-compose@4.1.0@koa-compose/index.js:42:32)
    at app.use (/home/yideng/mine/books-web/middlewares/errorHandler.js:6:23)
    at dispatch (/home/yideng/mine/books-web/node_modules/_koa-compose@4.1.0@koa-compose/index.js:42:32)
[2019-02-12T05:58:29.695] [ERROR] cheese - TypeError: SafeRequest is not a constructor
    at Index.getData (/home/yideng/mine/books-web/models/index.js:31:29)
    at /home/yideng/mine/books-web/controllers/IndexController.js:8:34
    at dispatch (/home/yideng/mine/books-web/node_modules/_koa-simple-router@0.2.0@koa-simple-router/index.js:186:18)
    at Router._lookup (/home/yideng/mine/books-web/node_modules/_koa-simple-router@0.2.0@koa-simple-router/index.js:198:12)
    at /home/yideng/mine/books-web/node_modules/_koa-simple-router@0.2.0@koa-simple-router/index.js:138:21
    at dispatch (/home/yideng/mine/books-web/node_modules/_koa-compose@4.1.0@koa-compose/index.js:42:32)
    at app.use (/home/yideng/mine/books-web/middlewares/errorHandler.js:15:19)
    at dispatch (/home/yideng/mine/books-web/node_modules/_koa-compose@4.1.0@koa-compose/index.js:42:32)
    at app.use (/home/yideng/mine/books-web/middlewares/errorHandler.js:6:23)
    at dispatch (/home/yideng/mine/books-web/node_modules/_koa-compose@4.1.0@koa-compose/index.js:42:32)
[2019-02-12T06:00:55.691] [ERROR] cheese - TypeError: Index is not a constructor
    at /home/yideng/mine/books-web/controllers/IndexController.js:7:27
    at dispatch (/home/yideng/mine/books-web/node_modules/_koa-simple-router@0.2.0@koa-simple-router/index.js:186:18)
    at Router._lookup (/home/yideng/mine/books-web/node_modules/_koa-simple-router@0.2.0@koa-simple-router/index.js:198:12)
    at /home/yideng/mine/books-web/node_modules/_koa-simple-router@0.2.0@koa-simple-router/index.js:138:21
    at dispatch (/home/yideng/mine/books-web/node_modules/_koa-compose@4.1.0@koa-compose/index.js:42:32)
    at app.use (/home/yideng/mine/books-web/middlewares/errorHandler.js:15:19)
    at dispatch (/home/yideng/mine/books-web/node_modules/_koa-compose@4.1.0@koa-compose/index.js:42:32)
    at app.use (/home/yideng/mine/books-web/middlewares/errorHandler.js:6:23)
    at dispatch (/home/yideng/mine/books-web/node_modules/_koa-compose@4.1.0@koa-compose/index.js:42:32)
    at serve (/home/yideng/mine/books-web/node_modules/_koa-static@5.0.0@koa-static/index.js:53:15)
[2019-02-12T06:05:22.986] [ERROR] cheese - Error: Unexpected dot on line 4 in file /home/yideng/mine/books-web/components/news/list.html.
    at Object.exports.throwError (/home/yideng/mine/books-web/node_modules/_swig-templates@2.0.3@swig-templates/lib/utils.js:188:9)
    at TokenParser.parseVar (/home/yideng/mine/books-web/node_modules/_swig-templates@2.0.3@swig-templates/lib/parser.js:472:15)
    at TokenParser.parseToken (/home/yideng/mine/books-web/node_modules/_swig-templates@2.0.3@swig-templates/lib/parser.js:357:14)
    at /home/yideng/mine/books-web/node_modules/_swig-templates@2.0.3@swig-templates/lib/parser.js:112:12
    at Object.exports.each (/home/yideng/mine/books-web/node_modules/_swig-templates@2.0.3@swig-templates/lib/utils.js:45:11)
    at TokenParser.parse (/home/yideng/mine/books-web/node_modules/_swig-templates@2.0.3@swig-templates/lib/parser.js:102:11)
    at parseVariable (/home/yideng/mine/books-web/node_modules/_swig-templates@2.0.3@swig-templates/lib/parser.js:610:18)
    at /home/yideng/mine/books-web/node_modules/_swig-templates@2.0.3@swig-templates/lib/parser.js:770:15
    at Object.exports.each (/home/yideng/mine/books-web/node_modules/_swig-templates@2.0.3@swig-templates/lib/utils.js:45:11)
    at Object.exports.parse (/home/yideng/mine/books-web/node_modules/_swig-templates@2.0.3@swig-templates/lib/parser.js:755:9)
[2019-02-12T06:05:36.183] [ERROR] cheese - Error: Unexpected dot on line 4 in file /home/yideng/mine/books-web/components/news/list.html.
    at Object.exports.throwError (/home/yideng/mine/books-web/node_modules/_swig-templates@2.0.3@swig-templates/lib/utils.js:188:9)
    at TokenParser.parseVar (/home/yideng/mine/books-web/node_modules/_swig-templates@2.0.3@swig-templates/lib/parser.js:472:15)
    at TokenParser.parseToken (/home/yideng/mine/books-web/node_modules/_swig-templates@2.0.3@swig-templates/lib/parser.js:357:14)
    at /home/yideng/mine/books-web/node_modules/_swig-templates@2.0.3@swig-templates/lib/parser.js:112:12
    at Object.exports.each (/home/yideng/mine/books-web/node_modules/_swig-templates@2.0.3@swig-templates/lib/utils.js:45:11)
    at TokenParser.parse (/home/yideng/mine/books-web/node_modules/_swig-templates@2.0.3@swig-templates/lib/parser.js:102:11)
    at parseVariable (/home/yideng/mine/books-web/node_modules/_swig-templates@2.0.3@swig-templates/lib/parser.js:610:18)
    at /home/yideng/mine/books-web/node_modules/_swig-templates@2.0.3@swig-templates/lib/parser.js:770:15
    at Object.exports.each (/home/yideng/mine/books-web/node_modules/_swig-templates@2.0.3@swig-templates/lib/utils.js:45:11)
    at Object.exports.parse (/home/yideng/mine/books-web/node_modules/_swig-templates@2.0.3@swig-templates/lib/parser.js:755:9)
[2019-02-12T06:05:38.717] [ERROR] cheese - Error: Unexpected dot on line 4 in file /home/yideng/mine/books-web/components/news/list.html.
    at Object.exports.throwError (/home/yideng/mine/books-web/node_modules/_swig-templates@2.0.3@swig-templates/lib/utils.js:188:9)
    at TokenParser.parseVar (/home/yideng/mine/books-web/node_modules/_swig-templates@2.0.3@swig-templates/lib/parser.js:472:15)
    at TokenParser.parseToken (/home/yideng/mine/books-web/node_modules/_swig-templates@2.0.3@swig-templates/lib/parser.js:357:14)
    at /home/yideng/mine/books-web/node_modules/_swig-templates@2.0.3@swig-templates/lib/parser.js:112:12
    at Object.exports.each (/home/yideng/mine/books-web/node_modules/_swig-templates@2.0.3@swig-templates/lib/utils.js:45:11)
    at TokenParser.parse (/home/yideng/mine/books-web/node_modules/_swig-templates@2.0.3@swig-templates/lib/parser.js:102:11)
    at parseVariable (/home/yideng/mine/books-web/node_modules/_swig-templates@2.0.3@swig-templates/lib/parser.js:610:18)
    at /home/yideng/mine/books-web/node_modules/_swig-templates@2.0.3@swig-templates/lib/parser.js:770:15
    at Object.exports.each (/home/yideng/mine/books-web/node_modules/_swig-templates@2.0.3@swig-templates/lib/utils.js:45:11)
    at Object.exports.parse (/home/yideng/mine/books-web/node_modules/_swig-templates@2.0.3@swig-templates/lib/parser.js:755:9)
[2019-02-12T06:10:18.835] [ERROR] cheese - Error: Unexpected dot on line 4 in file /home/yideng/mine/books-web/components/news/list.html.
    at Object.exports.throwError (/home/yideng/mine/books-web/node_modules/_swig-templates@2.0.3@swig-templates/lib/utils.js:188:9)
    at TokenParser.parseVar (/home/yideng/mine/books-web/node_modules/_swig-templates@2.0.3@swig-templates/lib/parser.js:472:15)
    at TokenParser.parseToken (/home/yideng/mine/books-web/node_modules/_swig-templates@2.0.3@swig-templates/lib/parser.js:357:14)
    at /home/yideng/mine/books-web/node_modules/_swig-templates@2.0.3@swig-templates/lib/parser.js:112:12
    at Object.exports.each (/home/yideng/mine/books-web/node_modules/_swig-templates@2.0.3@swig-templates/lib/utils.js:45:11)
    at TokenParser.parse (/home/yideng/mine/books-web/node_modules/_swig-templates@2.0.3@swig-templates/lib/parser.js:102:11)
    at parseVariable (/home/yideng/mine/books-web/node_modules/_swig-templates@2.0.3@swig-templates/lib/parser.js:610:18)
    at /home/yideng/mine/books-web/node_modules/_swig-templates@2.0.3@swig-templates/lib/parser.js:770:15
    at Object.exports.each (/home/yideng/mine/books-web/node_modules/_swig-templates@2.0.3@swig-templates/lib/utils.js:45:11)
    at Object.exports.parse (/home/yideng/mine/books-web/node_modules/_swig-templates@2.0.3@swig-templates/lib/parser.js:755:9)
[2019-02-12T06:17:07.890] [ERROR] cheese - { code: 1, message: 'node-fetch和后端通讯异常', data: [] }
[2019-02-12T06:18:04.379] [ERROR] cheese - { code: 1, message: 'node-fetch和后端通讯异常', data: [] }
[2019-02-15T19:30:59.791] [ERROR] cheese - { code: 1, message: 'node-fetch和后端通讯异常', data: [] }
[2019-02-16T03:32:51.216] [ERROR] cheese - TypeError: Cannot read property 'params' of undefined
    at SafeRequest.fetch (/home/yideng/mine/books-web/utils/safeRequest.js:12:21)
    at Index.saveData (/home/yideng/mine/books-web/models/index.js:44:28)
    at /home/yideng/mine/books-web/controllers/IndexController.js:31:40
    at dispatch (/home/yideng/mine/books-web/node_modules/_koa-simple-router@0.2.0@koa-simple-router/index.js:186:18)
    at Router._lookup (/home/yideng/mine/books-web/node_modules/_koa-simple-router@0.2.0@koa-simple-router/index.js:198:12)
    at /home/yideng/mine/books-web/node_modules/_koa-simple-router@0.2.0@koa-simple-router/index.js:138:21
    at dispatch (/home/yideng/mine/books-web/node_modules/_koa-compose@4.1.0@koa-compose/index.js:42:32)
    at app.use (/home/yideng/mine/books-web/middlewares/errorHandler.js:15:19)
    at dispatch (/home/yideng/mine/books-web/node_modules/_koa-compose@4.1.0@koa-compose/index.js:42:32)
    at app.use (/home/yideng/mine/books-web/middlewares/errorHandler.js:6:23)
[2019-02-16T03:36:26.366] [ERROR] cheese - TypeError: Cannot read property 'params' of undefined
    at SafeRequest.fetch (/home/yideng/mine/books-web/utils/safeRequest.js:14:21)
    at Index.saveData (/home/yideng/mine/books-web/models/index.js:44:28)
    at /home/yideng/mine/books-web/controllers/IndexController.js:31:40
    at dispatch (/home/yideng/mine/books-web/node_modules/_koa-simple-router@0.2.0@koa-simple-router/index.js:186:18)
    at Router._lookup (/home/yideng/mine/books-web/node_modules/_koa-simple-router@0.2.0@koa-simple-router/index.js:198:12)
    at /home/yideng/mine/books-web/node_modules/_koa-simple-router@0.2.0@koa-simple-router/index.js:138:21
    at dispatch (/home/yideng/mine/books-web/node_modules/_koa-compose@4.1.0@koa-compose/index.js:42:32)
    at app.use (/home/yideng/mine/books-web/middlewares/errorHandler.js:15:19)
    at dispatch (/home/yideng/mine/books-web/node_modules/_koa-compose@4.1.0@koa-compose/index.js:42:32)
    at app.use (/home/yideng/mine/books-web/middlewares/errorHandler.js:6:23)
[2019-02-16T03:36:28.143] [ERROR] cheese - TypeError: Cannot read property 'params' of undefined
    at SafeRequest.fetch (/home/yideng/mine/books-web/utils/safeRequest.js:14:21)
    at Index.saveData (/home/yideng/mine/books-web/models/index.js:44:28)
    at /home/yideng/mine/books-web/controllers/IndexController.js:31:40
    at dispatch (/home/yideng/mine/books-web/node_modules/_koa-simple-router@0.2.0@koa-simple-router/index.js:186:18)
    at Router._lookup (/home/yideng/mine/books-web/node_modules/_koa-simple-router@0.2.0@koa-simple-router/index.js:198:12)
    at /home/yideng/mine/books-web/node_modules/_koa-simple-router@0.2.0@koa-simple-router/index.js:138:21
    at dispatch (/home/yideng/mine/books-web/node_modules/_koa-compose@4.1.0@koa-compose/index.js:42:32)
    at app.use (/home/yideng/mine/books-web/middlewares/errorHandler.js:15:19)
    at dispatch (/home/yideng/mine/books-web/node_modules/_koa-compose@4.1.0@koa-compose/index.js:42:32)
    at app.use (/home/yideng/mine/books-web/middlewares/errorHandler.js:6:23)
[2019-02-16T03:44:31.612] [ERROR] cheese - TypeError: Cannot read property 'params' of undefined
    at SafeRequest.fetch (/home/yideng/mine/books-web/utils/safeRequest.js:12:21)
    at Index.saveData (/home/yideng/mine/books-web/models/index.js:44:28)
    at /home/yideng/mine/books-web/controllers/IndexController.js:31:40
    at dispatch (/home/yideng/mine/books-web/node_modules/_koa-simple-router@0.2.0@koa-simple-router/index.js:186:18)
    at Router._lookup (/home/yideng/mine/books-web/node_modules/_koa-simple-router@0.2.0@koa-simple-router/index.js:198:12)
    at /home/yideng/mine/books-web/node_modules/_koa-simple-router@0.2.0@koa-simple-router/index.js:138:21
    at dispatch (/home/yideng/mine/books-web/node_modules/_koa-compose@4.1.0@koa-compose/index.js:42:32)
    at app.use (/home/yideng/mine/books-web/middlewares/errorHandler.js:15:19)
    at dispatch (/home/yideng/mine/books-web/node_modules/_koa-compose@4.1.0@koa-compose/index.js:42:32)
    at app.use (/home/yideng/mine/books-web/middlewares/errorHandler.js:6:23)
